c:\users\powa\documents\visual studio 2010\projects\wifibot\wifibot\debug\wifibot.pch
c:\users\powa\documents\visual studio 2010\projects\wifibot\wifibot\debug\stdafx.obj
c:\users\powa\documents\visual studio 2010\projects\wifibot\wifibot\debug\vc100.pdb
c:\users\powa\documents\visual studio 2010\projects\wifibot\wifibot\debug\wifibot.obj
c:\users\powa\documents\visual studio 2010\projects\wifibot\wifibot\debug\assemblyinfo.obj
c:\users\powa\documents\visual studio 2010\projects\wifibot\wifibot\debug\wifibotclient.obj
c:\users\powa\documents\visual studio 2010\projects\wifibot\wifibot\debug\.netframework,version=v4.0.assemblyattributes.obj
c:\users\powa\documents\visual studio 2010\projects\wifibot\debug\wifibot.ilk
c:\users\powa\documents\visual studio 2010\projects\wifibot\debug\wifibot.exe
c:\users\powa\documents\visual studio 2010\projects\wifibot\wifibot\debug\wifibot.exe.intermediate.manifest
c:\users\powa\documents\visual studio 2010\projects\wifibot\debug\wifibot.pdb
c:\users\powa\documents\visual studio 2010\projects\wifibot\wifibot\debug\app.res
c:\users\powa\documents\visual studio 2013\projects\wifibot\wifibot\debug\vc120.pdb
c:\users\powa\documents\visual studio 2013\projects\wifibot\wifibot\debug\.netframework,version=v4.5.assemblyattributes.obj
c:\users\powa\documents\visual studio 2013\projects\wifibot\wifibot\debug\wifibot.pch
c:\users\powa\documents\visual studio 2013\projects\wifibot\wifibot\debug\stdafx.obj
c:\users\powa\documents\visual studio 2013\projects\wifibot\wifibot\debug\assemblyinfo.obj
c:\users\powa\documents\visual studio 2013\projects\wifibot\wifibot\debug\wifibotclient.obj
c:\users\powa\documents\visual studio 2013\projects\wifibot\wifibot\debug\wifibot.obj
c:\users\powa\documents\visual studio 2013\projects\wifibot\wifibot\debug\app.res
c:\users\powa\documents\visual studio 2013\projects\wifibot\wifibot\debug\wifibot.form1.resources
c:\users\powa\documents\visual studio 2013\projects\wifibot\wifibot\debug\wifibot.vcxproj.generateresource.cache
c:\users\powa\documents\visual studio 2013\projects\wifibot\wifibot\debug\wifibot.vcxprojresolveassemblyreference.cache
c:\users\powa\documents\visual studio 2013\projects\wifibot\wifibot\debug\.netframework,version=v4.0.assemblyattributes.obj
c:\users\powa\documents\visual studio 2013\projects\wifibot\wifibot\debug\cl.command.1.tlog
c:\users\powa\documents\visual studio 2013\projects\wifibot\wifibot\debug\cl.read.1.tlog
c:\users\powa\documents\visual studio 2013\projects\wifibot\wifibot\debug\cl.write.1.tlog
c:\users\powa\documents\visual studio 2013\projects\wifibot\wifibot\debug\link.1008-cvtres.read.1.tlog
c:\users\powa\documents\visual studio 2013\projects\wifibot\wifibot\debug\link.1008-cvtres.write.1.tlog
c:\users\powa\documents\visual studio 2013\projects\wifibot\wifibot\debug\link.1008.read.1.tlog
c:\users\powa\documents\visual studio 2013\projects\wifibot\wifibot\debug\link.1008.write.1.tlog
c:\users\powa\documents\visual studio 2013\projects\wifibot\wifibot\debug\link.1072-cvtres.read.1.tlog
c:\users\powa\documents\visual studio 2013\projects\wifibot\wifibot\debug\link.1072-cvtres.write.1.tlog
c:\users\powa\documents\visual studio 2013\projects\wifibot\wifibot\debug\link.1072.read.1.tlog
c:\users\powa\documents\visual studio 2013\projects\wifibot\wifibot\debug\link.1072.write.1.tlog
c:\users\powa\documents\visual studio 2013\projects\wifibot\wifibot\debug\link.124-cvtres.read.1.tlog
c:\users\powa\documents\visual studio 2013\projects\wifibot\wifibot\debug\link.124-cvtres.write.1.tlog
c:\users\powa\documents\visual studio 2013\projects\wifibot\wifibot\debug\link.124.read.1.tlog
c:\users\powa\documents\visual studio 2013\projects\wifibot\wifibot\debug\link.124.write.1.tlog
c:\users\powa\documents\visual studio 2013\projects\wifibot\wifibot\debug\link.1264-cvtres.read.1.tlog
c:\users\powa\documents\visual studio 2013\projects\wifibot\wifibot\debug\link.1264-cvtres.write.1.tlog
c:\users\powa\documents\visual studio 2013\projects\wifibot\wifibot\debug\link.1264.read.1.tlog
c:\users\powa\documents\visual studio 2013\projects\wifibot\wifibot\debug\link.1264.write.1.tlog
c:\users\powa\documents\visual studio 2013\projects\wifibot\wifibot\debug\link.1324-cvtres.read.1.tlog
c:\users\powa\documents\visual studio 2013\projects\wifibot\wifibot\debug\link.1324-cvtres.write.1.tlog
c:\users\powa\documents\visual studio 2013\projects\wifibot\wifibot\debug\link.1324.read.1.tlog
c:\users\powa\documents\visual studio 2013\projects\wifibot\wifibot\debug\link.1324.write.1.tlog
c:\users\powa\documents\visual studio 2013\projects\wifibot\wifibot\debug\link.1476-cvtres.read.1.tlog
c:\users\powa\documents\visual studio 2013\projects\wifibot\wifibot\debug\link.1476-cvtres.write.1.tlog
c:\users\powa\documents\visual studio 2013\projects\wifibot\wifibot\debug\link.1476.read.1.tlog
c:\users\powa\documents\visual studio 2013\projects\wifibot\wifibot\debug\link.1476.write.1.tlog
c:\users\powa\documents\visual studio 2013\projects\wifibot\wifibot\debug\link.1636-cvtres.read.1.tlog
c:\users\powa\documents\visual studio 2013\projects\wifibot\wifibot\debug\link.1636-cvtres.write.1.tlog
c:\users\powa\documents\visual studio 2013\projects\wifibot\wifibot\debug\link.1636.read.1.tlog
c:\users\powa\documents\visual studio 2013\projects\wifibot\wifibot\debug\link.1636.write.1.tlog
c:\users\powa\documents\visual studio 2013\projects\wifibot\wifibot\debug\link.2216-cvtres.read.1.tlog
c:\users\powa\documents\visual studio 2013\projects\wifibot\wifibot\debug\link.2216-cvtres.write.1.tlog
c:\users\powa\documents\visual studio 2013\projects\wifibot\wifibot\debug\link.2216.read.1.tlog
c:\users\powa\documents\visual studio 2013\projects\wifibot\wifibot\debug\link.2216.write.1.tlog
c:\users\powa\documents\visual studio 2013\projects\wifibot\wifibot\debug\link.2376-cvtres.read.1.tlog
c:\users\powa\documents\visual studio 2013\projects\wifibot\wifibot\debug\link.2376-cvtres.write.1.tlog
c:\users\powa\documents\visual studio 2013\projects\wifibot\wifibot\debug\link.2376.read.1.tlog
c:\users\powa\documents\visual studio 2013\projects\wifibot\wifibot\debug\link.2376.write.1.tlog
c:\users\powa\documents\visual studio 2013\projects\wifibot\wifibot\debug\link.2396-cvtres.read.1.tlog
c:\users\powa\documents\visual studio 2013\projects\wifibot\wifibot\debug\link.2396-cvtres.write.1.tlog
c:\users\powa\documents\visual studio 2013\projects\wifibot\wifibot\debug\link.2396.read.1.tlog
c:\users\powa\documents\visual studio 2013\projects\wifibot\wifibot\debug\link.2396.write.1.tlog
c:\users\powa\documents\visual studio 2013\projects\wifibot\wifibot\debug\link.2420-cvtres.read.1.tlog
c:\users\powa\documents\visual studio 2013\projects\wifibot\wifibot\debug\link.2420-cvtres.write.1.tlog
c:\users\powa\documents\visual studio 2013\projects\wifibot\wifibot\debug\link.2420.read.1.tlog
c:\users\powa\documents\visual studio 2013\projects\wifibot\wifibot\debug\link.2420.write.1.tlog
c:\users\powa\documents\visual studio 2013\projects\wifibot\wifibot\debug\link.2576-cvtres.read.1.tlog
c:\users\powa\documents\visual studio 2013\projects\wifibot\wifibot\debug\link.2576-cvtres.write.1.tlog
c:\users\powa\documents\visual studio 2013\projects\wifibot\wifibot\debug\link.2576.read.1.tlog
c:\users\powa\documents\visual studio 2013\projects\wifibot\wifibot\debug\link.2576.write.1.tlog
c:\users\powa\documents\visual studio 2013\projects\wifibot\wifibot\debug\link.2764-cvtres.read.1.tlog
c:\users\powa\documents\visual studio 2013\projects\wifibot\wifibot\debug\link.2764-cvtres.write.1.tlog
c:\users\powa\documents\visual studio 2013\projects\wifibot\wifibot\debug\link.2764.read.1.tlog
c:\users\powa\documents\visual studio 2013\projects\wifibot\wifibot\debug\link.2764.write.1.tlog
c:\users\powa\documents\visual studio 2013\projects\wifibot\wifibot\debug\link.3132-cvtres.read.1.tlog
c:\users\powa\documents\visual studio 2013\projects\wifibot\wifibot\debug\link.3132-cvtres.write.1.tlog
c:\users\powa\documents\visual studio 2013\projects\wifibot\wifibot\debug\link.3132.read.1.tlog
c:\users\powa\documents\visual studio 2013\projects\wifibot\wifibot\debug\link.3132.write.1.tlog
c:\users\powa\documents\visual studio 2013\projects\wifibot\wifibot\debug\link.3152-cvtres.read.1.tlog
c:\users\powa\documents\visual studio 2013\projects\wifibot\wifibot\debug\link.3152-cvtres.write.1.tlog
c:\users\powa\documents\visual studio 2013\projects\wifibot\wifibot\debug\link.3152.read.1.tlog
c:\users\powa\documents\visual studio 2013\projects\wifibot\wifibot\debug\link.3152.write.1.tlog
c:\users\powa\documents\visual studio 2013\projects\wifibot\wifibot\debug\link.3276-cvtres.read.1.tlog
c:\users\powa\documents\visual studio 2013\projects\wifibot\wifibot\debug\link.3276-cvtres.write.1.tlog
c:\users\powa\documents\visual studio 2013\projects\wifibot\wifibot\debug\link.3276.read.1.tlog
c:\users\powa\documents\visual studio 2013\projects\wifibot\wifibot\debug\link.3276.write.1.tlog
c:\users\powa\documents\visual studio 2013\projects\wifibot\wifibot\debug\link.3412-cvtres.read.1.tlog
c:\users\powa\documents\visual studio 2013\projects\wifibot\wifibot\debug\link.3412-cvtres.write.1.tlog
c:\users\powa\documents\visual studio 2013\projects\wifibot\wifibot\debug\link.3412.read.1.tlog
c:\users\powa\documents\visual studio 2013\projects\wifibot\wifibot\debug\link.3412.write.1.tlog
c:\users\powa\documents\visual studio 2013\projects\wifibot\wifibot\debug\link.3488-cvtres.read.1.tlog
c:\users\powa\documents\visual studio 2013\projects\wifibot\wifibot\debug\link.3488-cvtres.write.1.tlog
c:\users\powa\documents\visual studio 2013\projects\wifibot\wifibot\debug\link.3488.read.1.tlog
c:\users\powa\documents\visual studio 2013\projects\wifibot\wifibot\debug\link.3488.write.1.tlog
c:\users\powa\documents\visual studio 2013\projects\wifibot\wifibot\debug\link.3564-cvtres.read.1.tlog
c:\users\powa\documents\visual studio 2013\projects\wifibot\wifibot\debug\link.3564-cvtres.write.1.tlog
c:\users\powa\documents\visual studio 2013\projects\wifibot\wifibot\debug\link.3564.read.1.tlog
c:\users\powa\documents\visual studio 2013\projects\wifibot\wifibot\debug\link.3564.write.1.tlog
c:\users\powa\documents\visual studio 2013\projects\wifibot\wifibot\debug\link.3900-cvtres.read.1.tlog
c:\users\powa\documents\visual studio 2013\projects\wifibot\wifibot\debug\link.3900-cvtres.write.1.tlog
c:\users\powa\documents\visual studio 2013\projects\wifibot\wifibot\debug\link.3900.read.1.tlog
c:\users\powa\documents\visual studio 2013\projects\wifibot\wifibot\debug\link.3900.write.1.tlog
c:\users\powa\documents\visual studio 2013\projects\wifibot\wifibot\debug\link.3952-cvtres.read.1.tlog
c:\users\powa\documents\visual studio 2013\projects\wifibot\wifibot\debug\link.3952-cvtres.write.1.tlog
c:\users\powa\documents\visual studio 2013\projects\wifibot\wifibot\debug\link.3952.read.1.tlog
c:\users\powa\documents\visual studio 2013\projects\wifibot\wifibot\debug\link.3952.write.1.tlog
c:\users\powa\documents\visual studio 2013\projects\wifibot\wifibot\debug\link.3956-cvtres.read.1.tlog
c:\users\powa\documents\visual studio 2013\projects\wifibot\wifibot\debug\link.3956-cvtres.write.1.tlog
c:\users\powa\documents\visual studio 2013\projects\wifibot\wifibot\debug\link.3956.read.1.tlog
c:\users\powa\documents\visual studio 2013\projects\wifibot\wifibot\debug\link.3956.write.1.tlog
c:\users\powa\documents\visual studio 2013\projects\wifibot\wifibot\debug\link.3984-cvtres.read.1.tlog
c:\users\powa\documents\visual studio 2013\projects\wifibot\wifibot\debug\link.3984-cvtres.write.1.tlog
c:\users\powa\documents\visual studio 2013\projects\wifibot\wifibot\debug\link.3984.read.1.tlog
c:\users\powa\documents\visual studio 2013\projects\wifibot\wifibot\debug\link.3984.write.1.tlog
c:\users\powa\documents\visual studio 2013\projects\wifibot\wifibot\debug\link.4040-cvtres.read.1.tlog
c:\users\powa\documents\visual studio 2013\projects\wifibot\wifibot\debug\link.4040-cvtres.write.1.tlog
c:\users\powa\documents\visual studio 2013\projects\wifibot\wifibot\debug\link.4040.read.1.tlog
c:\users\powa\documents\visual studio 2013\projects\wifibot\wifibot\debug\link.4040.write.1.tlog
c:\users\powa\documents\visual studio 2013\projects\wifibot\wifibot\debug\link.4092-cvtres.read.1.tlog
c:\users\powa\documents\visual studio 2013\projects\wifibot\wifibot\debug\link.4092-cvtres.write.1.tlog
c:\users\powa\documents\visual studio 2013\projects\wifibot\wifibot\debug\link.4092.read.1.tlog
c:\users\powa\documents\visual studio 2013\projects\wifibot\wifibot\debug\link.4092.write.1.tlog
c:\users\powa\documents\visual studio 2013\projects\wifibot\wifibot\debug\link.4100-cvtres.read.1.tlog
c:\users\powa\documents\visual studio 2013\projects\wifibot\wifibot\debug\link.4100-cvtres.write.1.tlog
c:\users\powa\documents\visual studio 2013\projects\wifibot\wifibot\debug\link.4100.read.1.tlog
c:\users\powa\documents\visual studio 2013\projects\wifibot\wifibot\debug\link.4100.write.1.tlog
c:\users\powa\documents\visual studio 2013\projects\wifibot\wifibot\debug\link.4148-cvtres.read.1.tlog
c:\users\powa\documents\visual studio 2013\projects\wifibot\wifibot\debug\link.4148-cvtres.write.1.tlog
c:\users\powa\documents\visual studio 2013\projects\wifibot\wifibot\debug\link.4148.read.1.tlog
c:\users\powa\documents\visual studio 2013\projects\wifibot\wifibot\debug\link.4148.write.1.tlog
c:\users\powa\documents\visual studio 2013\projects\wifibot\wifibot\debug\link.4204-cvtres.read.1.tlog
c:\users\powa\documents\visual studio 2013\projects\wifibot\wifibot\debug\link.4204-cvtres.write.1.tlog
c:\users\powa\documents\visual studio 2013\projects\wifibot\wifibot\debug\link.4204.read.1.tlog
c:\users\powa\documents\visual studio 2013\projects\wifibot\wifibot\debug\link.4204.write.1.tlog
c:\users\powa\documents\visual studio 2013\projects\wifibot\wifibot\debug\link.4260-cvtres.read.1.tlog
c:\users\powa\documents\visual studio 2013\projects\wifibot\wifibot\debug\link.4260-cvtres.write.1.tlog
c:\users\powa\documents\visual studio 2013\projects\wifibot\wifibot\debug\link.4260.read.1.tlog
c:\users\powa\documents\visual studio 2013\projects\wifibot\wifibot\debug\link.4260.write.1.tlog
c:\users\powa\documents\visual studio 2013\projects\wifibot\wifibot\debug\link.4420-cvtres.read.1.tlog
c:\users\powa\documents\visual studio 2013\projects\wifibot\wifibot\debug\link.4420-cvtres.write.1.tlog
c:\users\powa\documents\visual studio 2013\projects\wifibot\wifibot\debug\link.4420.read.1.tlog
c:\users\powa\documents\visual studio 2013\projects\wifibot\wifibot\debug\link.4420.write.1.tlog
c:\users\powa\documents\visual studio 2013\projects\wifibot\wifibot\debug\link.4428-cvtres.read.1.tlog
c:\users\powa\documents\visual studio 2013\projects\wifibot\wifibot\debug\link.4428-cvtres.write.1.tlog
c:\users\powa\documents\visual studio 2013\projects\wifibot\wifibot\debug\link.4428.read.1.tlog
c:\users\powa\documents\visual studio 2013\projects\wifibot\wifibot\debug\link.4428.write.1.tlog
c:\users\powa\documents\visual studio 2013\projects\wifibot\wifibot\debug\link.4432-cvtres.read.1.tlog
c:\users\powa\documents\visual studio 2013\projects\wifibot\wifibot\debug\link.4432-cvtres.write.1.tlog
c:\users\powa\documents\visual studio 2013\projects\wifibot\wifibot\debug\link.4432.read.1.tlog
c:\users\powa\documents\visual studio 2013\projects\wifibot\wifibot\debug\link.4432.write.1.tlog
c:\users\powa\documents\visual studio 2013\projects\wifibot\wifibot\debug\link.4528-cvtres.read.1.tlog
c:\users\powa\documents\visual studio 2013\projects\wifibot\wifibot\debug\link.4528-cvtres.write.1.tlog
c:\users\powa\documents\visual studio 2013\projects\wifibot\wifibot\debug\link.4528.read.1.tlog
c:\users\powa\documents\visual studio 2013\projects\wifibot\wifibot\debug\link.4528.write.1.tlog
c:\users\powa\documents\visual studio 2013\projects\wifibot\wifibot\debug\link.4592-cvtres.read.1.tlog
c:\users\powa\documents\visual studio 2013\projects\wifibot\wifibot\debug\link.4592-cvtres.write.1.tlog
c:\users\powa\documents\visual studio 2013\projects\wifibot\wifibot\debug\link.4592.read.1.tlog
c:\users\powa\documents\visual studio 2013\projects\wifibot\wifibot\debug\link.4592.write.1.tlog
c:\users\powa\documents\visual studio 2013\projects\wifibot\wifibot\debug\link.4624-cvtres.read.1.tlog
c:\users\powa\documents\visual studio 2013\projects\wifibot\wifibot\debug\link.4624-cvtres.write.1.tlog
c:\users\powa\documents\visual studio 2013\projects\wifibot\wifibot\debug\link.4624.read.1.tlog
c:\users\powa\documents\visual studio 2013\projects\wifibot\wifibot\debug\link.4624.write.1.tlog
c:\users\powa\documents\visual studio 2013\projects\wifibot\wifibot\debug\link.4644-cvtres.read.1.tlog
c:\users\powa\documents\visual studio 2013\projects\wifibot\wifibot\debug\link.4644-cvtres.write.1.tlog
c:\users\powa\documents\visual studio 2013\projects\wifibot\wifibot\debug\link.4644.read.1.tlog
c:\users\powa\documents\visual studio 2013\projects\wifibot\wifibot\debug\link.4644.write.1.tlog
c:\users\powa\documents\visual studio 2013\projects\wifibot\wifibot\debug\link.4808-cvtres.read.1.tlog
c:\users\powa\documents\visual studio 2013\projects\wifibot\wifibot\debug\link.4808-cvtres.write.1.tlog
c:\users\powa\documents\visual studio 2013\projects\wifibot\wifibot\debug\link.4808.read.1.tlog
c:\users\powa\documents\visual studio 2013\projects\wifibot\wifibot\debug\link.4808.write.1.tlog
c:\users\powa\documents\visual studio 2013\projects\wifibot\wifibot\debug\link.4848-cvtres.read.1.tlog
c:\users\powa\documents\visual studio 2013\projects\wifibot\wifibot\debug\link.4848-cvtres.write.1.tlog
c:\users\powa\documents\visual studio 2013\projects\wifibot\wifibot\debug\link.4848.read.1.tlog
c:\users\powa\documents\visual studio 2013\projects\wifibot\wifibot\debug\link.4848.write.1.tlog
c:\users\powa\documents\visual studio 2013\projects\wifibot\wifibot\debug\link.4916-cvtres.read.1.tlog
c:\users\powa\documents\visual studio 2013\projects\wifibot\wifibot\debug\link.4916-cvtres.write.1.tlog
c:\users\powa\documents\visual studio 2013\projects\wifibot\wifibot\debug\link.4916.read.1.tlog
c:\users\powa\documents\visual studio 2013\projects\wifibot\wifibot\debug\link.4916.write.1.tlog
c:\users\powa\documents\visual studio 2013\projects\wifibot\wifibot\debug\link.4956-cvtres.read.1.tlog
c:\users\powa\documents\visual studio 2013\projects\wifibot\wifibot\debug\link.4956-cvtres.write.1.tlog
c:\users\powa\documents\visual studio 2013\projects\wifibot\wifibot\debug\link.4956.read.1.tlog
c:\users\powa\documents\visual studio 2013\projects\wifibot\wifibot\debug\link.4956.write.1.tlog
c:\users\powa\documents\visual studio 2013\projects\wifibot\wifibot\debug\link.4988-cvtres.read.1.tlog
c:\users\powa\documents\visual studio 2013\projects\wifibot\wifibot\debug\link.4988-cvtres.write.1.tlog
c:\users\powa\documents\visual studio 2013\projects\wifibot\wifibot\debug\link.4988.read.1.tlog
c:\users\powa\documents\visual studio 2013\projects\wifibot\wifibot\debug\link.4988.write.1.tlog
c:\users\powa\documents\visual studio 2013\projects\wifibot\wifibot\debug\link.5008-cvtres.read.1.tlog
c:\users\powa\documents\visual studio 2013\projects\wifibot\wifibot\debug\link.5008-cvtres.write.1.tlog
c:\users\powa\documents\visual studio 2013\projects\wifibot\wifibot\debug\link.5008.read.1.tlog
c:\users\powa\documents\visual studio 2013\projects\wifibot\wifibot\debug\link.5008.write.1.tlog
c:\users\powa\documents\visual studio 2013\projects\wifibot\wifibot\debug\link.5016-cvtres.read.1.tlog
c:\users\powa\documents\visual studio 2013\projects\wifibot\wifibot\debug\link.5016-cvtres.write.1.tlog
c:\users\powa\documents\visual studio 2013\projects\wifibot\wifibot\debug\link.5016.read.1.tlog
c:\users\powa\documents\visual studio 2013\projects\wifibot\wifibot\debug\link.5016.write.1.tlog
c:\users\powa\documents\visual studio 2013\projects\wifibot\wifibot\debug\link.5020-cvtres.read.1.tlog
c:\users\powa\documents\visual studio 2013\projects\wifibot\wifibot\debug\link.5020-cvtres.write.1.tlog
c:\users\powa\documents\visual studio 2013\projects\wifibot\wifibot\debug\link.5020.read.1.tlog
c:\users\powa\documents\visual studio 2013\projects\wifibot\wifibot\debug\link.5020.write.1.tlog
c:\users\powa\documents\visual studio 2013\projects\wifibot\wifibot\debug\link.5056-cvtres.read.1.tlog
c:\users\powa\documents\visual studio 2013\projects\wifibot\wifibot\debug\link.5056-cvtres.write.1.tlog
c:\users\powa\documents\visual studio 2013\projects\wifibot\wifibot\debug\link.5056.read.1.tlog
c:\users\powa\documents\visual studio 2013\projects\wifibot\wifibot\debug\link.5056.write.1.tlog
c:\users\powa\documents\visual studio 2013\projects\wifibot\wifibot\debug\link.5180-cvtres.read.1.tlog
c:\users\powa\documents\visual studio 2013\projects\wifibot\wifibot\debug\link.5180-cvtres.write.1.tlog
c:\users\powa\documents\visual studio 2013\projects\wifibot\wifibot\debug\link.5180.read.1.tlog
c:\users\powa\documents\visual studio 2013\projects\wifibot\wifibot\debug\link.5180.write.1.tlog
c:\users\powa\documents\visual studio 2013\projects\wifibot\wifibot\debug\link.5228-cvtres.read.1.tlog
c:\users\powa\documents\visual studio 2013\projects\wifibot\wifibot\debug\link.5228-cvtres.write.1.tlog
c:\users\powa\documents\visual studio 2013\projects\wifibot\wifibot\debug\link.5228.read.1.tlog
c:\users\powa\documents\visual studio 2013\projects\wifibot\wifibot\debug\link.5228.write.1.tlog
c:\users\powa\documents\visual studio 2013\projects\wifibot\wifibot\debug\link.5332-cvtres.read.1.tlog
c:\users\powa\documents\visual studio 2013\projects\wifibot\wifibot\debug\link.5332-cvtres.write.1.tlog
c:\users\powa\documents\visual studio 2013\projects\wifibot\wifibot\debug\link.5332.read.1.tlog
c:\users\powa\documents\visual studio 2013\projects\wifibot\wifibot\debug\link.5332.write.1.tlog
c:\users\powa\documents\visual studio 2013\projects\wifibot\wifibot\debug\link.5452-cvtres.read.1.tlog
c:\users\powa\documents\visual studio 2013\projects\wifibot\wifibot\debug\link.5452-cvtres.write.1.tlog
c:\users\powa\documents\visual studio 2013\projects\wifibot\wifibot\debug\link.5452.read.1.tlog
c:\users\powa\documents\visual studio 2013\projects\wifibot\wifibot\debug\link.5452.write.1.tlog
c:\users\powa\documents\visual studio 2013\projects\wifibot\wifibot\debug\link.5556-cvtres.read.1.tlog
c:\users\powa\documents\visual studio 2013\projects\wifibot\wifibot\debug\link.5556-cvtres.write.1.tlog
c:\users\powa\documents\visual studio 2013\projects\wifibot\wifibot\debug\link.5556.read.1.tlog
c:\users\powa\documents\visual studio 2013\projects\wifibot\wifibot\debug\link.5556.write.1.tlog
c:\users\powa\documents\visual studio 2013\projects\wifibot\wifibot\debug\link.5564-cvtres.read.1.tlog
c:\users\powa\documents\visual studio 2013\projects\wifibot\wifibot\debug\link.5564-cvtres.write.1.tlog
c:\users\powa\documents\visual studio 2013\projects\wifibot\wifibot\debug\link.5564.read.1.tlog
c:\users\powa\documents\visual studio 2013\projects\wifibot\wifibot\debug\link.5564.write.1.tlog
c:\users\powa\documents\visual studio 2013\projects\wifibot\wifibot\debug\link.5728-cvtres.read.1.tlog
c:\users\powa\documents\visual studio 2013\projects\wifibot\wifibot\debug\link.5728-cvtres.write.1.tlog
c:\users\powa\documents\visual studio 2013\projects\wifibot\wifibot\debug\link.5728.read.1.tlog
c:\users\powa\documents\visual studio 2013\projects\wifibot\wifibot\debug\link.5728.write.1.tlog
c:\users\powa\documents\visual studio 2013\projects\wifibot\wifibot\debug\link.5956-cvtres.read.1.tlog
c:\users\powa\documents\visual studio 2013\projects\wifibot\wifibot\debug\link.5956-cvtres.write.1.tlog
c:\users\powa\documents\visual studio 2013\projects\wifibot\wifibot\debug\link.5956.read.1.tlog
c:\users\powa\documents\visual studio 2013\projects\wifibot\wifibot\debug\link.5956.write.1.tlog
c:\users\powa\documents\visual studio 2013\projects\wifibot\wifibot\debug\link.6108-cvtres.read.1.tlog
c:\users\powa\documents\visual studio 2013\projects\wifibot\wifibot\debug\link.6108-cvtres.write.1.tlog
c:\users\powa\documents\visual studio 2013\projects\wifibot\wifibot\debug\link.6108.read.1.tlog
c:\users\powa\documents\visual studio 2013\projects\wifibot\wifibot\debug\link.6108.write.1.tlog
c:\users\powa\documents\visual studio 2013\projects\wifibot\wifibot\debug\link.command.1.tlog
c:\users\powa\documents\visual studio 2013\projects\wifibot\wifibot\debug\link.read.1.tlog
c:\users\powa\documents\visual studio 2013\projects\wifibot\wifibot\debug\link.write.1.tlog
c:\users\powa\documents\visual studio 2013\projects\wifibot\wifibot\debug\metagen.read.1.tlog
c:\users\powa\documents\visual studio 2013\projects\wifibot\wifibot\debug\metagen.write.1.tlog
c:\users\powa\documents\visual studio 2013\projects\wifibot\wifibot\debug\mt.command.1.tlog
c:\users\powa\documents\visual studio 2013\projects\wifibot\wifibot\debug\mt.read.1.tlog
c:\users\powa\documents\visual studio 2013\projects\wifibot\wifibot\debug\mt.write.1.tlog
c:\users\powa\documents\visual studio 2013\projects\wifibot\wifibot\debug\rc.command.1.tlog
c:\users\powa\documents\visual studio 2013\projects\wifibot\wifibot\debug\rc.read.1.tlog
c:\users\powa\documents\visual studio 2013\projects\wifibot\wifibot\debug\rc.write.1.tlog
c:\users\powa\documents\visual studio 2013\projects\wifibot\wifibot\debug\wifibot.write.1.tlog
c:\users\powa\documents\visual studio 2013\projects\wifibot\wifibot\debug\wifibot.exe.intermediate.manifest
c:\users\powa\documents\visual studio 2013\projects\wifibot\wifibot\debug\vc120.idb
c:\users\powa\documents\visual studio 2013\projects\wifibot\wifibot\debug\vc100.pdb
c:\users\powa\documents\visual studio 2013\projects\wifibot\wifibot\debug\rsaenh.dll.bi
c:\users\powa\documents\visual studio 2013\projects\wifibot\wifibot\debug\tzres.dll.bi
c:\users\powa\documents\visual studio 2013\projects\wifibot\debug\wifibot.pdb
c:\users\powa\documents\visual studio 2013\projects\wifibot\wifibot\debug\wifibot.tlog\cl.command.1.tlog
c:\users\powa\documents\visual studio 2013\projects\wifibot\wifibot\debug\wifibot.tlog\cl.read.1.tlog
c:\users\powa\documents\visual studio 2013\projects\wifibot\wifibot\debug\wifibot.tlog\cl.write.1.tlog
c:\users\powa\documents\visual studio 2013\projects\wifibot\wifibot\debug\wifibot.tlog\link.1108-cvtres.read.1.tlog
c:\users\powa\documents\visual studio 2013\projects\wifibot\wifibot\debug\wifibot.tlog\link.1108-cvtres.write.1.tlog
c:\users\powa\documents\visual studio 2013\projects\wifibot\wifibot\debug\wifibot.tlog\link.1108-rc.read.1.tlog
c:\users\powa\documents\visual studio 2013\projects\wifibot\wifibot\debug\wifibot.tlog\link.1108-rc.write.1.tlog
c:\users\powa\documents\visual studio 2013\projects\wifibot\wifibot\debug\wifibot.tlog\link.1108.read.1.tlog
c:\users\powa\documents\visual studio 2013\projects\wifibot\wifibot\debug\wifibot.tlog\link.1108.write.1.tlog
c:\users\powa\documents\visual studio 2013\projects\wifibot\wifibot\debug\wifibot.tlog\link.1844-cvtres.read.1.tlog
c:\users\powa\documents\visual studio 2013\projects\wifibot\wifibot\debug\wifibot.tlog\link.1844-cvtres.write.1.tlog
c:\users\powa\documents\visual studio 2013\projects\wifibot\wifibot\debug\wifibot.tlog\link.1844-rc.read.1.tlog
c:\users\powa\documents\visual studio 2013\projects\wifibot\wifibot\debug\wifibot.tlog\link.1844-rc.write.1.tlog
c:\users\powa\documents\visual studio 2013\projects\wifibot\wifibot\debug\wifibot.tlog\link.1844.read.1.tlog
c:\users\powa\documents\visual studio 2013\projects\wifibot\wifibot\debug\wifibot.tlog\link.1844.write.1.tlog
c:\users\powa\documents\visual studio 2013\projects\wifibot\wifibot\debug\wifibot.tlog\link.3416-cvtres.read.1.tlog
c:\users\powa\documents\visual studio 2013\projects\wifibot\wifibot\debug\wifibot.tlog\link.3416-cvtres.write.1.tlog
c:\users\powa\documents\visual studio 2013\projects\wifibot\wifibot\debug\wifibot.tlog\link.3416-rc.read.1.tlog
c:\users\powa\documents\visual studio 2013\projects\wifibot\wifibot\debug\wifibot.tlog\link.3416-rc.write.1.tlog
c:\users\powa\documents\visual studio 2013\projects\wifibot\wifibot\debug\wifibot.tlog\link.3416.read.1.tlog
c:\users\powa\documents\visual studio 2013\projects\wifibot\wifibot\debug\wifibot.tlog\link.3416.write.1.tlog
c:\users\powa\documents\visual studio 2013\projects\wifibot\wifibot\debug\wifibot.tlog\link.3808-cvtres.read.1.tlog
c:\users\powa\documents\visual studio 2013\projects\wifibot\wifibot\debug\wifibot.tlog\link.3808-cvtres.write.1.tlog
c:\users\powa\documents\visual studio 2013\projects\wifibot\wifibot\debug\wifibot.tlog\link.3808-rc.read.1.tlog
c:\users\powa\documents\visual studio 2013\projects\wifibot\wifibot\debug\wifibot.tlog\link.3808-rc.write.1.tlog
c:\users\powa\documents\visual studio 2013\projects\wifibot\wifibot\debug\wifibot.tlog\link.3808.read.1.tlog
c:\users\powa\documents\visual studio 2013\projects\wifibot\wifibot\debug\wifibot.tlog\link.3808.write.1.tlog
c:\users\powa\documents\visual studio 2013\projects\wifibot\wifibot\debug\wifibot.tlog\link.4576-cvtres.read.1.tlog
c:\users\powa\documents\visual studio 2013\projects\wifibot\wifibot\debug\wifibot.tlog\link.4576-cvtres.write.1.tlog
c:\users\powa\documents\visual studio 2013\projects\wifibot\wifibot\debug\wifibot.tlog\link.4576-rc.read.1.tlog
c:\users\powa\documents\visual studio 2013\projects\wifibot\wifibot\debug\wifibot.tlog\link.4576-rc.write.1.tlog
c:\users\powa\documents\visual studio 2013\projects\wifibot\wifibot\debug\wifibot.tlog\link.4576.read.1.tlog
c:\users\powa\documents\visual studio 2013\projects\wifibot\wifibot\debug\wifibot.tlog\link.4576.write.1.tlog
c:\users\powa\documents\visual studio 2013\projects\wifibot\wifibot\debug\wifibot.tlog\link.5808-cvtres.read.1.tlog
c:\users\powa\documents\visual studio 2013\projects\wifibot\wifibot\debug\wifibot.tlog\link.5808-cvtres.write.1.tlog
c:\users\powa\documents\visual studio 2013\projects\wifibot\wifibot\debug\wifibot.tlog\link.5808-rc.read.1.tlog
c:\users\powa\documents\visual studio 2013\projects\wifibot\wifibot\debug\wifibot.tlog\link.5808-rc.write.1.tlog
c:\users\powa\documents\visual studio 2013\projects\wifibot\wifibot\debug\wifibot.tlog\link.5808.read.1.tlog
c:\users\powa\documents\visual studio 2013\projects\wifibot\wifibot\debug\wifibot.tlog\link.5808.write.1.tlog
c:\users\powa\documents\visual studio 2013\projects\wifibot\wifibot\debug\wifibot.tlog\link.6128-cvtres.read.1.tlog
c:\users\powa\documents\visual studio 2013\projects\wifibot\wifibot\debug\wifibot.tlog\link.6128-cvtres.write.1.tlog
c:\users\powa\documents\visual studio 2013\projects\wifibot\wifibot\debug\wifibot.tlog\link.6128-rc.read.1.tlog
c:\users\powa\documents\visual studio 2013\projects\wifibot\wifibot\debug\wifibot.tlog\link.6128-rc.write.1.tlog
c:\users\powa\documents\visual studio 2013\projects\wifibot\wifibot\debug\wifibot.tlog\link.6128.read.1.tlog
c:\users\powa\documents\visual studio 2013\projects\wifibot\wifibot\debug\wifibot.tlog\link.6128.write.1.tlog
c:\users\powa\documents\visual studio 2013\projects\wifibot\wifibot\debug\wifibot.tlog\link.command.1.tlog
c:\users\powa\documents\visual studio 2013\projects\wifibot\wifibot\debug\wifibot.tlog\link.read.1.tlog
c:\users\powa\documents\visual studio 2013\projects\wifibot\wifibot\debug\wifibot.tlog\link.write.1.tlog
c:\users\powa\documents\visual studio 2013\projects\wifibot\wifibot\debug\wifibot.tlog\metagen.read.1.tlog
c:\users\powa\documents\visual studio 2013\projects\wifibot\wifibot\debug\wifibot.tlog\metagen.write.1.tlog
c:\users\powa\documents\visual studio 2013\projects\wifibot\wifibot\debug\wifibot.tlog\rc.command.1.tlog
c:\users\powa\documents\visual studio 2013\projects\wifibot\wifibot\debug\wifibot.tlog\rc.read.1.tlog
c:\users\powa\documents\visual studio 2013\projects\wifibot\wifibot\debug\wifibot.tlog\rc.write.1.tlog
c:\users\powa\documents\visual studio 2013\projects\wifibot\wifibot\debug\wifibot.tlog\wifibot.write.1u.tlog
c:\users\powa\documents\visual studio 2013\projects\wifibot\wifibot\debug\wifibot.tlog\rsaenh.dll.bi
c:\users\powa\documents\visual studio 2013\projects\wifibot\wifibot\debug\wifibot.tlog\tzres.dll.bi
